Cloning Oh My Zsh...
From https://github.com/ohmyzsh/ohmyzsh
 * [new branch]      master     -> origin/master
Switched to a new branch 'master'
branch 'master' set up to track 'origin/master'.
/home/aidan/dotfiles/linux

Looking for an existing zsh config...
Found old .zshrc.pre-oh-my-zsh. Backing up to /home/aidan/.config/zsh/.zshrc.pre-oh-my-zsh-2025-02-24_09-13-26
Found /home/aidan/.config/zsh/.zshrc. Backing up to /home/aidan/.config/zsh/.zshrc.pre-oh-my-zsh
Using the Oh My Zsh template file and adding it to /home/aidan/.config/zsh/.zshrc.

         __                                     __   
  ____  / /_     ____ ___  __  __   ____  _____/ /_  
 / __ \/ __ \   / __ `__ \/ / / /  /_  / / ___/ __ \ 
/ /_/ / / / /  / / / / / / /_/ /    / /_(__  ) / / / 
\____/_/ /_/  /_/ /_/ /_/\__, /    /___/____/_/ /_/  
                        /____/                       ....is now installed!


Before you scream Oh My Zsh! look over the `.zshrc` file to select plugins, themes, and options.

• Follow us on X: https://x.com/ohmyzsh
• Join our Discord community: https://discord.gg/ohmyzsh
• Get stickers, t-shirts, coffee mugs and more: https://shop.planetargon.com/collections/oh-my-zsh

Run zsh to try it out.
Cloning Oh My Zsh...
From https://github.com/ohmyzsh/ohmyzsh
 * [new branch]      master     -> origin/master
Switched to a new branch 'master'
branch 'master' set up to track 'origin/master'.
/home/aidan/dotfiles/linux

Looking for an existing zsh config...
Found old .zshrc.pre-oh-my-zsh. Backing up to /home/aidan/.config/zsh/.zshrc.pre-oh-my-zsh-2025-02-24_09-18-52
Found /home/aidan/.config/zsh/.zshrc. Backing up to /home/aidan/.config/zsh/.zshrc.pre-oh-my-zsh
Using the Oh My Zsh template file and adding it to /home/aidan/.config/zsh/.zshrc.

         __                                     __   
  ____  / /_     ____ ___  __  __   ____  _____/ /_  
 / __ \/ __ \   / __ `__ \/ / / /  /_  / / ___/ __ \ 
/ /_/ / / / /  / / / / / / /_/ /    / /_(__  ) / / / 
\____/_/ /_/  /_/ /_/ /_/\__, /    /___/____/_/ /_/  
                        /____/                       ....is now installed!


Before you scream Oh My Zsh! look over the `.zshrc` file to select plugins, themes, and options.

• Follow us on X: https://x.com/ohmyzsh
• Join our Discord community: https://discord.gg/ohmyzsh
• Get stickers, t-shirts, coffee mugs and more: https://shop.planetargon.com/collections/oh-my-zsh

Run zsh to try it out.
Cloning Oh My Zsh...
From https://github.com/ohmyzsh/ohmyzsh
 * [new branch]      master     -> origin/master
Switched to a new branch 'master'
branch 'master' set up to track 'origin/master'.
/home/aidan/dotfiles/linux

Looking for an existing zsh config...
Using the Oh My Zsh template file and adding it to /home/aidan/.config/zsh/.zshrc.

         __                                     __   
  ____  / /_     ____ ___  __  __   ____  _____/ /_  
 / __ \/ __ \   / __ `__ \/ / / /  /_  / / ___/ __ \ 
/ /_/ / / / /  / / / / / / /_/ /    / /_(__  ) / / / 
\____/_/ /_/  /_/ /_/ /_/\__, /    /___/____/_/ /_/  
                        /____/                       ....is now installed!


Before you scream Oh My Zsh! look over the `.zshrc` file to select plugins, themes, and options.

• Follow us on X: https://x.com/ohmyzsh
• Join our Discord community: https://discord.gg/ohmyzsh
• Get stickers, t-shirts, coffee mugs and more: https://shop.planetargon.com/collections/oh-my-zsh

Run zsh to try it out.
Cloning Oh My Zsh...
From https://github.com/ohmyzsh/ohmyzsh
 * [new branch]      master     -> origin/master
Switched to a new branch 'master'
branch 'master' set up to track 'origin/master'.
/home/aidan/dotfiles/linux

Looking for an existing zsh config...
Found /home/aidan/.config/zsh/.zshrc. Backing up to /home/aidan/.config/zsh/.zshrc.pre-oh-my-zsh
Using the Oh My Zsh template file and adding it to /home/aidan/.config/zsh/.zshrc.

         __                                     __   
  ____  / /_     ____ ___  __  __   ____  _____/ /_  
 / __ \/ __ \   / __ `__ \/ / / /  /_  / / ___/ __ \ 
/ /_/ / / / /  / / / / / / /_/ /    / /_(__  ) / / / 
\____/_/ /_/  /_/ /_/ /_/\__, /    /___/____/_/ /_/  
                        /____/                       ....is now installed!


Before you scream Oh My Zsh! look over the `.zshrc` file to select plugins, themes, and options.

• Follow us on X: https://x.com/ohmyzsh
• Join our Discord community: https://discord.gg/ohmyzsh
• Get stickers, t-shirts, coffee mugs and more: https://shop.planetargon.com/collections/oh-my-zsh

Run zsh to try it out.
Cloning Oh My Zsh...
From https://github.com/ohmyzsh/ohmyzsh
 * [new branch]      master     -> origin/master
Switched to a new branch 'master'
branch 'master' set up to track 'origin/master'.
/home/aidan/dotfiles/linux

Looking for an existing zsh config...
Found /home/aidan/.config/zsh/.zshrc. Backing up to /home/aidan/.config/zsh/.zshrc.pre-oh-my-zsh
Using the Oh My Zsh template file and adding it to /home/aidan/.config/zsh/.zshrc.

         __                                     __   
  ____  / /_     ____ ___  __  __   ____  _____/ /_  
 / __ \/ __ \   / __ `__ \/ / / /  /_  / / ___/ __ \ 
/ /_/ / / / /  / / / / / / /_/ /    / /_(__  ) / / / 
\____/_/ /_/  /_/ /_/ /_/\__, /    /___/____/_/ /_/  
                        /____/                       ....is now installed!


Before you scream Oh My Zsh! look over the `.zshrc` file to select plugins, themes, and options.

• Follow us on X: https://x.com/ohmyzsh
• Join our Discord community: https://discord.gg/ohmyzsh
• Get stickers, t-shirts, coffee mugs and more: https://shop.planetargon.com/collections/oh-my-zsh

Run zsh to try it out.
Cloning Oh My Zsh...
From https://github.com/ohmyzsh/ohmyzsh
 * [new branch]      master     -> origin/master
Switched to a new branch 'master'
branch 'master' set up to track 'origin/master'.
/home/aidan/dotfiles/linux

Looking for an existing zsh config...
Found old .zshrc.pre-oh-my-zsh. Backing up to /home/aidan/.config/zsh/.zshrc.pre-oh-my-zsh-2025-02-24_09-44-42
Found /home/aidan/.config/zsh/.zshrc. Backing up to /home/aidan/.config/zsh/.zshrc.pre-oh-my-zsh
Using the Oh My Zsh template file and adding it to /home/aidan/.config/zsh/.zshrc.

         __                                     __   
  ____  / /_     ____ ___  __  __   ____  _____/ /_  
 / __ \/ __ \   / __ `__ \/ / / /  /_  / / ___/ __ \ 
/ /_/ / / / /  / / / / / / /_/ /    / /_(__  ) / / / 
\____/_/ /_/  /_/ /_/ /_/\__, /    /___/____/_/ /_/  
                        /____/                       ....is now installed!


Before you scream Oh My Zsh! look over the `.zshrc` file to select plugins, themes, and options.

• Follow us on X: https://x.com/ohmyzsh
• Join our Discord community: https://discord.gg/ohmyzsh
• Get stickers, t-shirts, coffee mugs and more: https://shop.planetargon.com/collections/oh-my-zsh

Run zsh to try it out.
Cloning Oh My Zsh...
From https://github.com/ohmyzsh/ohmyzsh
 * [new branch]      master     -> origin/master
Switched to a new branch 'master'
branch 'master' set up to track 'origin/master'.
/home/aidan/dotfiles/linux

Looking for an existing zsh config...
Found old .zshrc.pre-oh-my-zsh. Backing up to /home/aidan/.config/zsh/.zshrc.pre-oh-my-zsh-2025-02-24_09-46-16
Found /home/aidan/.config/zsh/.zshrc. Backing up to /home/aidan/.config/zsh/.zshrc.pre-oh-my-zsh
Using the Oh My Zsh template file and adding it to /home/aidan/.config/zsh/.zshrc.

         __                                     __   
  ____  / /_     ____ ___  __  __   ____  _____/ /_  
 / __ \/ __ \   / __ `__ \/ / / /  /_  / / ___/ __ \ 
/ /_/ / / / /  / / / / / / /_/ /    / /_(__  ) / / / 
\____/_/ /_/  /_/ /_/ /_/\__, /    /___/____/_/ /_/  
                        /____/                       ....is now installed!


Before you scream Oh My Zsh! look over the `.zshrc` file to select plugins, themes, and options.

• Follow us on X: https://x.com/ohmyzsh
• Join our Discord community: https://discord.gg/ohmyzsh
• Get stickers, t-shirts, coffee mugs and more: https://shop.planetargon.com/collections/oh-my-zsh

Run zsh to try it out.
Cloning Oh My Zsh...
From https://github.com/ohmyzsh/ohmyzsh
 * [new branch]      master     -> origin/master
Switched to a new branch 'master'
branch 'master' set up to track 'origin/master'.
/home/aidan/dotfiles/linux

Looking for an existing zsh config...
Found /home/aidan/.config/zsh/.zshrc. Backing up to /home/aidan/.config/zsh/.zshrc.pre-oh-my-zsh
Using the Oh My Zsh template file and adding it to /home/aidan/.config/zsh/.zshrc.

         __                                     __   
  ____  / /_     ____ ___  __  __   ____  _____/ /_  
 / __ \/ __ \   / __ `__ \/ / / /  /_  / / ___/ __ \ 
/ /_/ / / / /  / / / / / / /_/ /    / /_(__  ) / / / 
\____/_/ /_/  /_/ /_/ /_/\__, /    /___/____/_/ /_/  
                        /____/                       ....is now installed!


Before you scream Oh My Zsh! look over the `.zshrc` file to select plugins, themes, and options.

• Follow us on X: https://x.com/ohmyzsh
• Join our Discord community: https://discord.gg/ohmyzsh
• Get stickers, t-shirts, coffee mugs and more: https://shop.planetargon.com/collections/oh-my-zsh

Run zsh to try it out.
Cloning Oh My Zsh...
From https://github.com/ohmyzsh/ohmyzsh
 * [new branch]      master     -> origin/master
Switched to a new branch 'master'
branch 'master' set up to track 'origin/master'.
/home/aidan/dotfiles/linux

Looking for an existing zsh config...
Found /home/aidan/.config/zsh/.zshrc. Backing up to /home/aidan/.config/zsh/.zshrc.pre-oh-my-zsh
Using the Oh My Zsh template file and adding it to /home/aidan/.config/zsh/.zshrc.

         __                                     __   
  ____  / /_     ____ ___  __  __   ____  _____/ /_  
 / __ \/ __ \   / __ `__ \/ / / /  /_  / / ___/ __ \ 
/ /_/ / / / /  / / / / / / /_/ /    / /_(__  ) / / / 
\____/_/ /_/  /_/ /_/ /_/\__, /    /___/____/_/ /_/  
                        /____/                       ....is now installed!


Before you scream Oh My Zsh! look over the `.zshrc` file to select plugins, themes, and options.

• Follow us on X: https://x.com/ohmyzsh
• Join our Discord community: https://discord.gg/ohmyzsh
• Get stickers, t-shirts, coffee mugs and more: https://shop.planetargon.com/collections/oh-my-zsh

Run zsh to try it out.
